[debug] [2023-07-29T00:55:01.662Z] ----------------------------------------------------------------------
[debug] [2023-07-29T00:55:01.664Z] Command:       C:\Program Files\nodejs\node.exe C:\Users\Juanr\AppData\Roaming\npm\node_modules\firebase-tools\lib\bin\firebase.js init
[debug] [2023-07-29T00:55:01.665Z] CLI Version:   12.4.6
[debug] [2023-07-29T00:55:01.665Z] Platform:      win32
[debug] [2023-07-29T00:55:01.665Z] Node Version:  v18.14.0
[debug] [2023-07-29T00:55:01.666Z] Time:          Fri Jul 28 2023 19:55:01 GMT-0500 (hora estándar de Colombia)
[debug] [2023-07-29T00:55:01.666Z] ----------------------------------------------------------------------
[debug] 
[debug] [2023-07-29T00:55:01.732Z] > command requires scopes: ["email","openid","https://www.googleapis.com/auth/cloudplatformprojects.readonly","https://www.googleapis.com/auth/firebase","https://www.googleapis.com/auth/cloud-platform"]
[debug] [2023-07-29T00:55:01.733Z] > authorizing via signed-in user (juan.roblesa@usantoto.edu.co)
[info] 
     ######## #### ########  ######## ########     ###     ######  ########
     ##        ##  ##     ## ##       ##     ##  ##   ##  ##       ##
     ######    ##  ########  ######   ########  #########  ######  ######
     ##        ##  ##    ##  ##       ##     ## ##     ##       ## ##
     ##       #### ##     ## ######## ########  ##     ##  ######  ########

You're about to initialize a Firebase project in this directory:

  C:\Angular\juan_robles

Before we get started, keep in mind:

  * You are currently outside your home directory
  * You are initializing within an existing Firebase project directory

[info] 
=== Project Setup
[info] 
[info] First, let's associate this project directory with a Firebase project.
[info] You can create multiple project aliases by running firebase use --add, 
[info] but for now we'll just set up a default project.
[info] 
[debug] [2023-07-29T00:55:09.597Z] Using project from CLI flag: juanrobles-f0f05
[debug] [2023-07-29T00:55:09.599Z] >>> [apiv2][query] GET https://firebase.googleapis.com/v1beta1/projects/juanrobles-f0f05 [none]
[debug] [2023-07-29T00:55:10.060Z] <<< [apiv2][status] GET https://firebase.googleapis.com/v1beta1/projects/juanrobles-f0f05 200
[debug] [2023-07-29T00:55:10.062Z] <<< [apiv2][body] GET https://firebase.googleapis.com/v1beta1/projects/juanrobles-f0f05 {"projectId":"juanrobles-f0f05","projectNumber":"289872008224","displayName":"juanrobles","name":"projects/juanrobles-f0f05","resources":{"hostingSite":"juanrobles-f0f05"},"state":"ACTIVE","etag":"1_67d2f929-5e94-4c49-a6b3-5e21352b00f7"}
[info] i  Using project juanrobles-f0f05 (juanrobles) 
[info] 
=== Hosting Setup
[info] 
[info] Your public directory is the folder (relative to your project directory) that
[info] will contain Hosting assets to be uploaded with firebase deploy. If you
[info] have a build process for your assets, use your build's output directory.
[info] 
